<?xml version="1.0" encoding="UTF-8"?>
<!-- Generated by org.testng.reporters.JUnitReportReporter -->
<testsuite hostname="RG-L200315-1397" failures="0" tests="1" name="testcases.TC_001_AccountRegistration" time="7.651" errors="0" timestamp="2024-08-27T01:23:52 IST" skipped="0">
  <testcase classname="testcases.TC_001_AccountRegistration" name="Registration" time="7.651"/>
</testsuite> <!-- testcases.TC_001_AccountRegistration -->
