<?xml version="1.0" encoding="UTF-8"?>
<!-- Generated by org.testng.reporters.JUnitReportReporter -->
<testsuite hostname="RG-L200315-1397" failures="0" tests="1" name="testcases.TC_002_Login" time="2.078" errors="0" timestamp="2024-08-28T00:52:04 IST" skipped="0">
  <testcase classname="testcases.TC_002_Login" name="TestLogin" time="2.078"/>
</testsuite> <!-- testcases.TC_002_Login -->
